<?xml version="1.0" encoding="UTF-8"?>
<!-- Generated by org.testng.reporters.JUnitXMLReporter -->
<testsuite ignored="4" hostname="preetiacer" failures="0" tests="1" name="Default test" time="2.623" errors="0" timestamp="2023-04-11T15:02:35 PDT">
  <testcase classname="package1.Project2" name="typesOfAuth" time="1.233"/>
  <testcase classname="package1.Project2" name="categoryAnimalsLinkGithub" time="0.0">
    <ignored/>
  </testcase> <!-- categoryAnimalsLinkGithub -->
  <testcase classname="package1.Project2" name="distinctCors" time="0.0">
    <ignored/>
  </testcase> <!-- distinctCors -->
  <testcase classname="package1.Project2" name="statusCode" time="0.0">
    <ignored/>
  </testcase> <!-- statusCode -->
  <testcase classname="package1.Project2" name="responseTime" time="0.0">
    <ignored/>
  </testcase> <!-- responseTime -->
</testsuite> <!-- Default test -->
