<?xml version="1.0" encoding="UTF-8"?>
<!-- Generated by org.testng.reporters.JUnitXMLReporter -->
<testsuite ignored="0" hostname="preetiacer" failures="1" tests="13" name="Test1" time="20.847" errors="0" timestamp="2023-04-11T14:49:31 PDT">
  <testcase classname="package1.Project1" name="testBaseAssetData" time="1.004"/>
  <testcase classname="package1.Project1" name="testFindFiveAssetsWithLeastDifferenceBetweenBidAndAskPrice" time="0.715"/>
  <testcase classname="package1.Project1" name="testResponseFormat" time="0.002"/>
  <testcase classname="package1.Project1" name="testResponseTime" time="0.002"/>
  <testcase classname="package1.Project1" name="testStatusCode" time="0.002"/>
  <testcase classname="package1.Project1" name="testSymbolData" time="0.738"/>
  <testcase classname="package1.Project1" name="testSymbolsAndBaseAssetsWithVolumeMoreThanAvgVolume1" time="0.626"/>
  <testcase classname="package1.Project1" name="testSymbolsWithOpenPriceLessThanLowPrice" time="0.74">
    <failure type="java.lang.AssertionError" message="The following asserts failed:
	expected [true] but found [false]">
      <![CDATA[java.lang.AssertionError: The following asserts failed:
expected [true] but found [false]
at package1.Project1.testSymbolsWithOpenPriceLessThanLowPrice(Project1.java:64)
at java.base/java.util.ArrayList.forEach(ArrayList.java:1511)
... Removed 27 stack frames]]>
    </failure>
  </testcase> <!-- testSymbolsWithOpenPriceLessThanLowPrice -->
  <testcase classname="package1.Project2" name="categoryAnimalsLinkGithub" time="0.565"/>
  <testcase classname="package1.Project2" name="distinctCors" time="0.576"/>
  <testcase classname="package1.Project2" name="responseTime" time="0.043"/>
  <testcase classname="package1.Project2" name="statusCode" time="0.007"/>
  <testcase classname="package1.Project2" name="typesOfAuth" time="0.432"/>
</testsuite> <!-- Test1 -->
