<?xml version="1.0" encoding="UTF-8"?>
<testng-results ignored="4" total="5" passed="1" failed="0" skipped="0">
  <reporter-output>
  </reporter-output>
  <suite started-at="2023-04-11T15:02:32 PDT" name="Default suite" finished-at="2023-04-11T15:02:35 PDT" duration-ms="2623">
    <groups>
    </groups>
    <test started-at="2023-04-11T15:02:32 PDT" name="Default test" finished-at="2023-04-11T15:02:35 PDT" duration-ms="2623">
      <class name="package1.Project2">
        <test-method is-config="true" signature="baseUri()[pri:0, instance:package1.Project2@52e6fdee]" started-at="2023-04-11T15:02:32 PDT" name="baseUri" finished-at="2023-04-11T15:02:33 PDT" duration-ms="1360" status="PASS">
          <reporter-output>
          </reporter-output>
        </test-method> <!-- baseUri -->
        <test-method signature="typesOfAuth()[pri:0, instance:package1.Project2@52e6fdee]" started-at="2023-04-11T15:02:33 PDT" name="typesOfAuth" finished-at="2023-04-11T15:02:35 PDT" duration-ms="1233" status="PASS">
          <reporter-output>
          </reporter-output>
        </test-method> <!-- typesOfAuth -->
      </class> <!-- package1.Project2 -->
    </test> <!-- Default test -->
  </suite> <!-- Default suite -->
</testng-results>
